#
# There is insufficient memory for the Java Runtime Environment to continue.
# Native memory allocation (malloc) failed to allocate 478096 bytes for Chunk::new
# Possible reasons:
#   The system is out of physical RAM or swap space
#   The process is running with CompressedOops enabled, and the Java Heap may be blocking the growth of the native heap
# Possible solutions:
#   Reduce memory load on the system
#   Increase physical memory or swap space
#   Check if swap backing store is full
#   Decrease Java heap size (-Xmx/-Xms)
#   Decrease number of Java threads
#   Decrease Java thread stack sizes (-Xss)
#   Set larger code cache with -XX:ReservedCodeCacheSize=
#   JVM is running with Zero Based Compressed Oops mode in which the Java heap is
#     placed in the first 32GB address space. The Java Heap base address is the
#     maximum limit for the native heap growth. Please use -XX:HeapBaseMinAddress
#     to set the Java Heap base and to place the Java Heap above 32GB virtual address.
# This output file may be truncated or incomplete.
#
#  Out of Memory Error (./src/hotspot/share/memory/arena.cpp:197), pid=61252, tid=237460
#
# JRE version: OpenJDK Runtime Environment Temurin-11.0.14.1+1 (11.0.14.1+1) (build 11.0.14.1+1)
# Java VM: OpenJDK 64-Bit Server VM Temurin-11.0.14.1+1 (11.0.14.1+1, mixed mode, tiered, compressed oops, g1 gc, windows-amd64)
# No core dump will be written. Minidumps are not enabled by default on client versions of Windows
#

---------------  S U M M A R Y ------------

Command Line: -Dapp.name=browsermob-proxy -Dapp.repo=E:\pdf\src\browsermob-proxy-2.1.4-bin\browsermob-proxy-2.1.4\bin\\..\lib -Dbasedir=E:\pdf\src\browsermob-proxy-2.1.4-bin\browsermob-proxy-2.1.4\bin\\.. net.lightbody.bmp.proxy.Main --port=8080

Host: Intel(R) Core(TM) i7-8700 CPU @ 3.20GHz, 12 cores, 31G,  Windows 10 , 64 bit Build 17763 (10.0.17763.437)
Time: Thu Feb 17 19:13:40 2022 ?D1¨²¡À¨º¡Á?¨º¡À?? elapsed time: 0.670567 seconds (0d 0h 0m 0s)

---------------  T H R E A D  ---------------

Current thread (0x0000020436547800):  JavaThread "C2 CompilerThread1" daemon [_thread_in_native, id=237460, stack(0x0000007b1cf00000,0x0000007b1d000000)]


Current CompileTask:
C2:    670 1400   !   4       java.net.URL::<init> (543 bytes)

Stack: [0x0000007b1cf00000,0x0000007b1d000000]
Native frames: (J=compiled Java code, j=interpreted, Vv=VM code, C=native code)
V  [jvm.dll+0x61e59a]
V  [jvm.dll+0x7aaca9]
V  [jvm.dll+0x7ac398]
V  [jvm.dll+0x7aca73]
V  [jvm.dll+0x24f9b8]
V  [jvm.dll+0xc260c]
V  [jvm.dll+0xc2bcc]
V  [jvm.dll+0x2c1884]
V  [jvm.dll+0x52d899]
V  [jvm.dll+0x20a2f9]
V  [jvm.dll+0x207ccb]
V  [jvm.dll+0x18a2c1]
V  [jvm.dll+0x217734]
V  [jvm.dll+0x21597b]
V  [jvm.dll+0x76d7c0]
V  [jvm.dll+0x766724]
V  [jvm.dll+0x61d3f6]
C  [ucrtbase.dll+0x21ffa]
C  [KERNEL32.DLL+0x17974]
C  [ntdll.dll+0x6a271]


---------------  P R O C E S S  ---------------

Threads class SMR info:
_java_thread_list=0x00000204368c6ca0, length=12, elements={
0x0000020408071800, 0x0000020436311000, 0x0000020436332800, 0x00000204363ac000,
0x00000204363ad000, 0x00000204363ae800, 0x00000204363b4800, 0x00000204363b8000,
0x00000204363b9000, 0x000002043653f800, 0x0000020436547800, 0x0000020436a5a000
}

Java Threads: ( => current thread )
  0x0000020408071800 JavaThread "main" [_thread_in_vm, id=279152, stack(0x0000007b1be00000,0x0000007b1bf00000)]
  0x0000020436311000 JavaThread "Reference Handler" daemon [_thread_blocked, id=414244, stack(0x0000007b1c500000,0x0000007b1c600000)]
  0x0000020436332800 JavaThread "Finalizer" daemon [_thread_blocked, id=60288, stack(0x0000007b1c600000,0x0000007b1c700000)]
  0x00000204363ac000 JavaThread "Signal Dispatcher" daemon [_thread_blocked, id=171060, stack(0x0000007b1c700000,0x0000007b1c800000)]
  0x00000204363ad000 JavaThread "Attach Listener" daemon [_thread_blocked, id=461424, stack(0x0000007b1c800000,0x0000007b1c900000)]
  0x00000204363ae800 JavaThread "Service Thread" daemon [_thread_blocked, id=93412, stack(0x0000007b1c900000,0x0000007b1ca00000)]
  0x00000204363b4800 JavaThread "C2 CompilerThread0" daemon [_thread_in_native, id=289820, stack(0x0000007b1ca00000,0x0000007b1cb00000)]
  0x00000204363b8000 JavaThread "C1 CompilerThread0" daemon [_thread_blocked, id=19340, stack(0x0000007b1cb00000,0x0000007b1cc00000)]
  0x00000204363b9000 JavaThread "Sweeper thread" daemon [_thread_blocked, id=442784, stack(0x0000007b1cc00000,0x0000007b1cd00000)]
  0x000002043653f800 JavaThread "Common-Cleaner" daemon [_thread_blocked, id=457752, stack(0x0000007b1ce00000,0x0000007b1cf00000)]
=>0x0000020436547800 JavaThread "C2 CompilerThread1" daemon [_thread_in_native, id=237460, stack(0x0000007b1cf00000,0x0000007b1d000000)]
  0x0000020436a5a000 JavaThread "com.google.inject.internal.util.$Finalizer" daemon [_thread_blocked, id=192388, stack(0x0000007b1d000000,0x0000007b1d100000)]

Other Threads:
  0x000002043630e800 VMThread "VM Thread" [stack: 0x0000007b1c400000,0x0000007b1c500000] [id=16068]
  0x0000020436537000 WatcherThread [stack: 0x0000007b1cd00000,0x0000007b1ce00000] [id=210824]
  0x0000020408089800 GCTaskThread "GC Thread#0" [stack: 0x0000007b1bf00000,0x0000007b1c000000] [id=448384]
  0x000002043653e800 GCTaskThread "GC Thread#1" [stack: 0x0000007b1d100000,0x0000007b1d200000] [id=254692]
  0x0000020436cf8000 GCTaskThread "GC Thread#2" [stack: 0x0000007b1d200000,0x0000007b1d300000] [id=133892]
  0x0000020436c84000 GCTaskThread "GC Thread#3" [stack: 0x0000007b1d300000,0x0000007b1d400000] [id=432716]
  0x0000020436cf2000 GCTaskThread "GC Thread#4" [stack: 0x0000007b1d400000,0x0000007b1d500000] [id=393880]
  0x0000020436cf3000 GCTaskThread "GC Thread#5" [stack: 0x0000007b1d500000,0x0000007b1d600000] [id=343900]
  0x0000020436cb5800 GCTaskThread "GC Thread#6" [stack: 0x0000007b1d600000,0x0000007b1d700000] [id=271020]
  0x0000020436cb6000 GCTaskThread "GC Thread#7" [stack: 0x0000007b1d700000,0x0000007b1d800000] [id=376856]
  0x000002043715e800 GCTaskThread "GC Thread#8" [stack: 0x0000007b1d800000,0x0000007b1d900000] [id=440556]
  0x000002043715f800 GCTaskThread "GC Thread#9" [stack: 0x0000007b1d900000,0x0000007b1da00000] [id=169720]
  0x000002040810d800 ConcurrentGCThread "G1 Main Marker" [stack: 0x0000007b1c000000,0x0000007b1c100000] [id=390056]
  0x000002040810f800 ConcurrentGCThread "G1 Conc#0" [stack: 0x0000007b1c100000,0x0000007b1c200000] [id=18256]
  0x0000020436d0f000 ConcurrentGCThread "G1 Conc#1" [stack: 0x0000007b1da00000,0x0000007b1db00000] [id=122716]
  0x0000020437252000 ConcurrentGCThread "G1 Conc#2" [stack: 0x0000007b1db00000,0x0000007b1dc00000] [id=51360]
  0x000002043596e800 ConcurrentGCThread "G1 Refine#0" [stack: 0x0000007b1c200000,0x0000007b1c300000] [id=30252]
  0x000002043596f800 ConcurrentGCThread "G1 Young RemSet Sampling" [stack: 0x0000007b1c300000,0x0000007b1c400000] [id=206336]

Threads with active compile tasks:
C2 CompilerThread1    675 1400   !   4       java.net.URL::<init> (543 bytes)

VM state:not at safepoint (normal execution)

VM Mutex/Monitor currently owned by a thread: None

Heap address: 0x0000000601c00000, size: 8164 MB, Compressed Oops mode: Zero based, Oop shift amount: 3
Narrow klass base: 0x0000000800000000, Narrow klass shift: 0
Compressed class space size: 1073741824 Address: 0x0000000800000000

Heap:
 garbage-first heap   total 524288K, used 6194K [0x0000000601c00000, 0x0000000800000000)
  region size 2048K, 4 young (8192K), 3 survivors (6144K)
 Metaspace       used 20596K, capacity 20931K, committed 21120K, reserved 1079296K
  class space    used 2314K, capacity 2431K, committed 2432K, reserved 1048576K
Heap Regions: E=young(eden), S=young(survivor), O=old, HS=humongous(starts), HC=humongous(continues), CS=collection set, F=free, A=archive, TAMS=top-at-mark-start (previous, next)
|   0|0x0000000601c00000, 0x0000000601e00000, 0x0000000601e00000|100%|HS|  |TAMS 0x0000000601c00000, 0x0000000601e00000| Complete 
|   1|0x0000000601e00000, 0x0000000601e00000, 0x0000000602000000|  0%| F|  |TAMS 0x0000000601e00000, 0x0000000601e00000| Untracked 
|   2|0x0000000602000000, 0x0000000602000000, 0x0000000602200000|  0%| F|  |TAMS 0x0000000602000000, 0x0000000602000000| Untracked 
|   3|0x0000000602200000, 0x0000000602200000, 0x0000000602400000|  0%| F|  |TAMS 0x0000000602200000, 0x0000000602200000| Untracked 
|   4|0x0000000602400000, 0x0000000602400000, 0x0000000602600000|  0%| F|  |TAMS 0x0000000602400000, 0x0000000602400000| Untracked 
|   5|0x0000000602600000, 0x0000000602600000, 0x0000000602800000|  0%| F|  |TAMS 0x0000000602600000, 0x0000000602600000| Untracked 
|   6|0x0000000602800000, 0x0000000602800000, 0x0000000602a00000|  0%| F|  |TAMS 0x0000000602800000, 0x0000000602800000| Untracked 
|   7|0x0000000602a00000, 0x0000000602a00000, 0x0000000602c00000|  0%| F|  |TAMS 0x0000000602a00000, 0x0000000602a00000| Untracked 
|   8|0x0000000602c00000, 0x0000000602c00000, 0x0000000602e00000|  0%| F|  |TAMS 0x0000000602c00000, 0x0000000602c00000| Untracked 
|   9|0x0000000602e00000, 0x0000000602e00000, 0x0000000603000000|  0%| F|  |TAMS 0x0000000602e00000, 0x0000000602e00000| Untracked 
|  10|0x0000000603000000, 0x0000000603000000, 0x0000000603200000|  0%| F|  |TAMS 0x0000000603000000, 0x0000000603000000| Untracked 
|  11|0x0000000603200000, 0x0000000603200000, 0x0000000603400000|  0%| F|  |TAMS 0x0000000603200000, 0x0000000603200000| Untracked 
|  12|0x0000000603400000, 0x0000000603400000, 0x0000000603600000|  0%| F|  |TAMS 0x0000000603400000, 0x0000000603400000| Untracked 
|  13|0x0000000603600000, 0x0000000603600000, 0x0000000603800000|  0%| F|  |TAMS 0x0000000603600000, 0x0000000603600000| Untracked 
|  14|0x0000000603800000, 0x0000000603800000, 0x0000000603a00000|  0%| F|  |TAMS 0x0000000603800000, 0x0000000603800000| Untracked 
|  15|0x0000000603a00000, 0x0000000603a00000, 0x0000000603c00000|  0%| F|  |TAMS 0x0000000603a00000, 0x0000000603a00000| Untracked 
|  16|0x0000000603c00000, 0x0000000603c00000, 0x0000000603e00000|  0%| F|  |TAMS 0x0000000603c00000, 0x0000000603c00000| Untracked 
|  17|0x0000000603e00000, 0x0000000603e00000, 0x0000000604000000|  0%| F|  |TAMS 0x0000000603e00000, 0x0000000603e00000| Untracked 
|  18|0x0000000604000000, 0x0000000604000000, 0x0000000604200000|  0%| F|  |TAMS 0x0000000604000000, 0x0000000604000000| Untracked 
|  19|0x0000000604200000, 0x0000000604200000, 0x0000000604400000|  0%| F|  |TAMS 0x0000000604200000, 0x0000000604200000| Untracked 
|  20|0x0000000604400000, 0x0000000604400000, 0x0000000604600000|  0%| F|  |TAMS 0x0000000604400000, 0x0000000604400000| Untracked 
|  21|0x0000000604600000, 0x0000000604600000, 0x0000000604800000|  0%| F|  |TAMS 0x0000000604600000, 0x0000000604600000| Untracked 
|  22|0x0000000604800000, 0x0000000604800000, 0x0000000604a00000|  0%| F|  |TAMS 0x0000000604800000, 0x0000000604800000| Untracked 
|  23|0x0000000604a00000, 0x0000000604a00000, 0x0000000604c00000|  0%| F|  |TAMS 0x0000000604a00000, 0x0000000604a00000| Untracked 
|  24|0x0000000604c00000, 0x0000000604c00000, 0x0000000604e00000|  0%| F|  |TAMS 0x0000000604c00000, 0x0000000604c00000| Untracked 
|  25|0x0000000604e00000, 0x0000000604e00000, 0x0000000605000000|  0%| F|  |TAMS 0x0000000604e00000, 0x0000000604e00000| Untracked 
|  26|0x0000000605000000, 0x0000000605000000, 0x0000000605200000|  0%| F|  |TAMS 0x0000000605000000, 0x0000000605000000| Untracked 
|  27|0x0000000605200000, 0x0000000605200000, 0x0000000605400000|  0%| F|  |TAMS 0x0000000605200000, 0x0000000605200000| Untracked 
|  28|0x0000000605400000, 0x0000000605400000, 0x0000000605600000|  0%| F|  |TAMS 0x0000000605400000, 0x0000000605400000| Untracked 
|  29|0x0000000605600000, 0x0000000605600000, 0x0000000605800000|  0%| F|  |TAMS 0x0000000605600000, 0x0000000605600000| Untracked 
|  30|0x0000000605800000, 0x0000000605800000, 0x0000000605a00000|  0%| F|  |TAMS 0x0000000605800000, 0x0000000605800000| Untracked 
|  31|0x0000000605a00000, 0x0000000605a00000, 0x0000000605c00000|  0%| F|  |TAMS 0x0000000605a00000, 0x0000000605a00000| Untracked 
|  32|0x0000000605c00000, 0x0000000605c00000, 0x0000000605e00000|  0%| F|  |TAMS 0x0000000605c00000, 0x0000000605c00000| Untracked 
|  33|0x0000000605e00000, 0x0000000605e00000, 0x0000000606000000|  0%| F|  |TAMS 0x0000000605e00000, 0x0000000605e00000| Untracked 
|  34|0x0000000606000000, 0x0000000606000000, 0x0000000606200000|  0%| F|  |TAMS 0x0000000606000000, 0x0000000606000000| Untracked 
|  35|0x0000000606200000, 0x0000000606200000, 0x0000000606400000|  0%| F|  |TAMS 0x0000000606200000, 0x0000000606200000| Untracked 
|  36|0x0000000606400000, 0x0000000606400000, 0x0000000606600000|  0%| F|  |TAMS 0x0000000606400000, 0x0000000606400000| Untracked 
|  37|0x0000000606600000, 0x0000000606600000, 0x0000000606800000|  0%| F|  |TAMS 0x0000000606600000, 0x0000000606600000| Untracked 
|  38|0x0000000606800000, 0x0000000606800000, 0x0000000606a00000|  0%| F|  |TAMS 0x0000000606800000, 0x0000000606800000| Untracked 
|  39|0x0000000606a00000, 0x0000000606a00000, 0x0000000606c00000|  0%| F|  |TAMS 0x0000000606a00000, 0x0000000606a00000| Untracked 
|  40|0x0000000606c00000, 0x0000000606c00000, 0x0000000606e00000|  0%| F|  |TAMS 0x0000000606c00000, 0x0000000606c00000| Untracked 
|  41|0x0000000606e00000, 0x0000000606e00000, 0x0000000607000000|  0%| F|  |TAMS 0x0000000606e00000, 0x0000000606e00000| Untracked 
|  42|0x0000000607000000, 0x0000000607000000, 0x0000000607200000|  0%| F|  |TAMS 0x0000000607000000, 0x0000000607000000| Untracked 
|  43|0x0000000607200000, 0x0000000607200000, 0x0000000607400000|  0%| F|  |TAMS 0x0000000607200000, 0x0000000607200000| Untracked 
|  44|0x0000000607400000, 0x0000000607400000, 0x0000000607600000|  0%| F|  |TAMS 0x0000000607400000, 0x0000000607400000| Untracked 
|  45|0x0000000607600000, 0x0000000607600000, 0x0000000607800000|  0%| F|  |TAMS 0x0000000607600000, 0x0000000607600000| Untracked 
|  46|0x0000000607800000, 0x0000000607800000, 0x0000000607a00000|  0%| F|  |TAMS 0x0000000607800000, 0x0000000607800000| Untracked 
|  47|0x0000000607a00000, 0x0000000607a00000, 0x0000000607c00000|  0%| F|  |TAMS 0x0000000607a00000, 0x0000000607a00000| Untracked 
|  48|0x0000000607c00000, 0x0000000607c00000, 0x0000000607e00000|  0%| F|  |TAMS 0x0000000607c00000, 0x0000000607c00000| Untracked 
|  49|0x0000000607e00000, 0x0000000607e00000, 0x0000000608000000|  0%| F|  |TAMS 0x0000000607e00000, 0x0000000607e00000| Untracked 
|  50|0x0000000608000000, 0x0000000608000000, 0x0000000608200000|  0%| F|  |TAMS 0x0000000608000000, 0x0000000608000000| Untracked 
|  51|0x0000000608200000, 0x0000000608200000, 0x0000000608400000|  0%| F|  |TAMS 0x0000000608200000, 0x0000000608200000| Untracked 
|  52|0x0000000608400000, 0x0000000608400000, 0x0000000608600000|  0%| F|  |TAMS 0x0000000608400000, 0x0000000608400000| Untracked 
|  53|0x0000000608600000, 0x0000000608600000, 0x0000000608800000|  0%| F|  |TAMS 0x0000000608600000, 0x0000000608600000| Untracked 
|  54|0x0000000608800000, 0x0000000608800000, 0x0000000608a00000|  0%| F|  |TAMS 0x0000000608800000, 0x0000000608800000| Untracked 
|  55|0x0000000608a00000, 0x0000000608a00000, 0x0000000608c00000|  0%| F|  |TAMS 0x0000000608a00000, 0x0000000608a00000| Untracked 
|  56|0x0000000608c00000, 0x0000000608c00000, 0x0000000608e00000|  0%| F|  |TAMS 0x0000000608c00000, 0x0000000608c00000| Untracked 
|  57|0x0000000608e00000, 0x0000000608e00000, 0x0000000609000000|  0%| F|  |TAMS 0x0000000608e00000, 0x0000000608e00000| Untracked 
|  58|0x0000000609000000, 0x0000000609000000, 0x0000000609200000|  0%| F|  |TAMS 0x0000000609000000, 0x0000000609000000| Untracked 
|  59|0x0000000609200000, 0x0000000609200000, 0x0000000609400000|  0%| F|  |TAMS 0x0000000609200000, 0x0000000609200000| Untracked 
|  60|0x0000000609400000, 0x0000000609400000, 0x0000000609600000|  0%| F|  |TAMS 0x0000000609400000, 0x0000000609400000| Untracked 
|  61|0x0000000609600000, 0x0000000609600000, 0x0000000609800000|  0%| F|  |TAMS 0x0000000609600000, 0x0000000609600000| Untracked 
|  62|0x0000000609800000, 0x0000000609800000, 0x0000000609a00000|  0%| F|  |TAMS 0x0000000609800000, 0x0000000609800000| Untracked 
|  63|0x0000000609a00000, 0x0000000609a00000, 0x0000000609c00000|  0%| F|  |TAMS 0x0000000609a00000, 0x0000000609a00000| Untracked 
|  64|0x0000000609c00000, 0x0000000609c00000, 0x0000000609e00000|  0%| F|  |TAMS 0x0000000609c00000, 0x0000000609c00000| Untracked 
|  65|0x0000000609e00000, 0x0000000609e00000, 0x000000060a000000|  0%| F|  |TAMS 0x0000000609e00000, 0x0000000609e00000| Untracked 
|  66|0x000000060a000000, 0x000000060a000000, 0x000000060a200000|  0%| F|  |TAMS 0x000000060a000000, 0x000000060a000000| Untracked 
|  67|0x000000060a200000, 0x000000060a200000, 0x000000060a400000|  0%| F|  |TAMS 0x000000060a200000, 0x000000060a200000| Untracked 
|  68|0x000000060a400000, 0x000000060a400000, 0x000000060a600000|  0%| F|  |TAMS 0x000000060a400000, 0x000000060a400000| Untracked 
|  69|0x000000060a600000, 0x000000060a600000, 0x000000060a800000|  0%| F|  |TAMS 0x000000060a600000, 0x000000060a600000| Untracked 
|  70|0x000000060a800000, 0x000000060a800000, 0x000000060aa00000|  0%| F|  |TAMS 0x000000060a800000, 0x000000060a800000| Untracked 
|  71|0x000000060aa00000, 0x000000060aa00000, 0x000000060ac00000|  0%| F|  |TAMS 0x000000060aa00000, 0x000000060aa00000| Untracked 
|  72|0x000000060ac00000, 0x000000060ac00000, 0x000000060ae00000|  0%| F|  |TAMS 0x000000060ac00000, 0x000000060ac00000| Untracked 
|  73|0x000000060ae00000, 0x000000060ae00000, 0x000000060b000000|  0%| F|  |TAMS 0x000000060ae00000, 0x000000060ae00000| Untracked 
|  74|0x000000060b000000, 0x000000060b000000, 0x000000060b200000|  0%| F|  |TAMS 0x000000060b000000, 0x000000060b000000| Untracked 
|  75|0x000000060b200000, 0x000000060b200000, 0x000000060b400000|  0%| F|  |TAMS 0x000000060b200000, 0x000000060b200000| Untracked 
|  76|0x000000060b400000, 0x000000060b400000, 0x000000060b600000|  0%| F|  |TAMS 0x000000060b400000, 0x000000060b400000| Untracked 
|  77|0x000000060b600000, 0x000000060b600000, 0x000000060b800000|  0%| F|  |TAMS 0x000000060b600000, 0x000000060b600000| Untracked 
|  78|0x000000060b800000, 0x000000060b800000, 0x000000060ba00000|  0%| F|  |TAMS 0x000000060b800000, 0x000000060b800000| Untracked 
|  79|0x000000060ba00000, 0x000000060ba00000, 0x000000060bc00000|  0%| F|  |TAMS 0x000000060ba00000, 0x000000060ba00000| Untracked 
|  80|0x000000060bc00000, 0x000000060bc00000, 0x000000060be00000|  0%| F|  |TAMS 0x000000060bc00000, 0x000000060bc00000| Untracked 
|  81|0x000000060be00000, 0x000000060be00000, 0x000000060c000000|  0%| F|  |TAMS 0x000000060be00000, 0x000000060be00000| Untracked 
|  82|0x000000060c000000, 0x000000060c000000, 0x000000060c200000|  0%| F|  |TAMS 0x000000060c000000, 0x000000060c000000| Untracked 
|  83|0x000000060c200000, 0x000000060c200000, 0x000000060c400000|  0%| F|  |TAMS 0x000000060c200000, 0x000000060c200000| Untracked 
|  84|0x000000060c400000, 0x000000060c400000, 0x000000060c600000|  0%| F|  |TAMS 0x000000060c400000, 0x000000060c400000| Untracked 
|  85|0x000000060c600000, 0x000000060c600000, 0x000000060c800000|  0%| F|  |TAMS 0x000000060c600000, 0x000000060c600000| Untracked 
|  86|0x000000060c800000, 0x000000060c800000, 0x000000060ca00000|  0%| F|  |TAMS 0x000000060c800000, 0x000000060c800000| Untracked 
|  87|0x000000060ca00000, 0x000000060ca00000, 0x000000060cc00000|  0%| F|  |TAMS 0x000000060ca00000, 0x000000060ca00000| Untracked 
|  88|0x000000060cc00000, 0x000000060cc00000, 0x000000060ce00000|  0%| F|  |TAMS 0x000000060cc00000, 0x000000060cc00000| Untracked 
|  89|0x000000060ce00000, 0x000000060ce00000, 0x000000060d000000|  0%| F|  |TAMS 0x000000060ce00000, 0x000000060ce00000| Untracked 
|  90|0x000000060d000000, 0x000000060d000000, 0x000000060d200000|  0%| F|  |TAMS 0x000000060d000000, 0x000000060d000000| Untracked 
|  91|0x000000060d200000, 0x000000060d200000, 0x000000060d400000|  0%| F|  |TAMS 0x000000060d200000, 0x000000060d200000| Untracked 
|  92|0x000000060d400000, 0x000000060d400000, 0x000000060d600000|  0%| F|  |TAMS 0x000000060d400000, 0x000000060d400000| Untracked 
|  93|0x000000060d600000, 0x000000060d600000, 0x000000060d800000|  0%| F|  |TAMS 0x000000060d600000, 0x000000060d600000| Untracked 
|  94|0x000000060d800000, 0x000000060d800000, 0x000000060da00000|  0%| F|  |TAMS 0x000000060d800000, 0x000000060d800000| Untracked 
|  95|0x000000060da00000, 0x000000060da00000, 0x000000060dc00000|  0%| F|  |TAMS 0x000000060da00000, 0x000000060da00000| Untracked 
|  96|0x000000060dc00000, 0x000000060dc00000, 0x000000060de00000|  0%| F|  |TAMS 0x000000060dc00000, 0x000000060dc00000| Untracked 
|  97|0x000000060de00000, 0x000000060de00000, 0x000000060e000000|  0%| F|  |TAMS 0x000000060de00000, 0x000000060de00000| Untracked 
|  98|0x000000060e000000, 0x000000060e000000, 0x000000060e200000|  0%| F|  |TAMS 0x000000060e000000, 0x000000060e000000| Untracked 
|  99|0x000000060e200000, 0x000000060e200000, 0x000000060e400000|  0%| F|  |TAMS 0x000000060e200000, 0x000000060e200000| Untracked 
| 100|0x000000060e400000, 0x000000060e400000, 0x000000060e600000|  0%| F|  |TAMS 0x000000060e400000, 0x000000060e400000| Untracked 
| 101|0x000000060e600000, 0x000000060e600000, 0x000000060e800000|  0%| F|  |TAMS 0x000000060e600000, 0x000000060e600000| Untracked 
| 102|0x000000060e800000, 0x000000060e800000, 0x000000060ea00000|  0%| F|  |TAMS 0x000000060e800000, 0x000000060e800000| Untracked 
| 103|0x000000060ea00000, 0x000000060ea00000, 0x000000060ec00000|  0%| F|  |TAMS 0x000000060ea00000, 0x000000060ea00000| Untracked 
| 104|0x000000060ec00000, 0x000000060ec00000, 0x000000060ee00000|  0%| F|  |TAMS 0x000000060ec00000, 0x000000060ec00000| Untracked 
| 105|0x000000060ee00000, 0x000000060ee00000, 0x000000060f000000|  0%| F|  |TAMS 0x000000060ee00000, 0x000000060ee00000| Untracked 
| 106|0x000000060f000000, 0x000000060f000000, 0x000000060f200000|  0%| F|  |TAMS 0x000000060f000000, 0x000000060f000000| Untracked 
| 107|0x000000060f200000, 0x000000060f200000, 0x000000060f400000|  0%| F|  |TAMS 0x000000060f200000, 0x000000060f200000| Untracked 
| 108|0x000000060f400000, 0x000000060f400000, 0x000000060f600000|  0%| F|  |TAMS 0x000000060f400000, 0x000000060f400000| Untracked 
| 109|0x000000060f600000, 0x000000060f600000, 0x000000060f800000|  0%| F|  |TAMS 0x000000060f600000, 0x000000060f600000| Untracked 
| 110|0x000000060f800000, 0x000000060f800000, 0x000000060fa00000|  0%| F|  |TAMS 0x000000060f800000, 0x000000060f800000| Untracked 
| 111|0x000000060fa00000, 0x000000060fa00000, 0x000000060fc00000|  0%| F|  |TAMS 0x000000060fa00000, 0x000000060fa00000| Untracked 
| 112|0x000000060fc00000, 0x000000060fc00000, 0x000000060fe00000|  0%| F|  |TAMS 0x000000060fc00000, 0x000000060fc00000| Untracked 
| 113|0x000000060fe00000, 0x000000060fe00000, 0x0000000610000000|  0%| F|  |TAMS 0x000000060fe00000, 0x000000060fe00000| Untracked 
| 114|0x0000000610000000, 0x0000000610000000, 0x0000000610200000|  0%| F|  |TAMS 0x0000000610000000, 0x0000000610000000| Untracked 
| 115|0x0000000610200000, 0x0000000610200000, 0x0000000610400000|  0%| F|  |TAMS 0x0000000610200000, 0x0000000610200000| Untracked 
| 116|0x0000000610400000, 0x0000000610400000, 0x0000000610600000|  0%| F|  |TAMS 0x0000000610400000, 0x0000000610400000| Untracked 
| 117|0x0000000610600000, 0x0000000610600000, 0x0000000610800000|  0%| F|  |TAMS 0x0000000610600000, 0x0000000610600000| Untracked 
| 118|0x0000000610800000, 0x0000000610800000, 0x0000000610a00000|  0%| F|  |TAMS 0x0000000610800000, 0x0000000610800000| Untracked 
| 119|0x0000000610a00000, 0x0000000610a00000, 0x0000000610c00000|  0%| F|  |TAMS 0x0000000610a00000, 0x0000000610a00000| Untracked 
| 120|0x0000000610c00000, 0x0000000610c00000, 0x0000000610e00000|  0%| F|  |TAMS 0x0000000610c00000, 0x0000000610c00000| Untracked 
| 121|0x0000000610e00000, 0x0000000610e00000, 0x0000000611000000|  0%| F|  |TAMS 0x0000000610e00000, 0x0000000610e00000| Untracked 
| 122|0x0000000611000000, 0x0000000611000000, 0x0000000611200000|  0%| F|  |TAMS 0x0000000611000000, 0x0000000611000000| Untracked 
| 123|0x0000000611200000, 0x0000000611200000, 0x0000000611400000|  0%| F|  |TAMS 0x0000000611200000, 0x0000000611200000| Untracked 
| 124|0x0000000611400000, 0x0000000611400000, 0x0000000611600000|  0%| F|  |TAMS 0x0000000611400000, 0x0000000611400000| Untracked 
| 125|0x0000000611600000, 0x0000000611600000, 0x0000000611800000|  0%| F|  |TAMS 0x0000000611600000, 0x0000000611600000| Untracked 
| 126|0x0000000611800000, 0x0000000611800000, 0x0000000611a00000|  0%| F|  |TAMS 0x0000000611800000, 0x0000000611800000| Untracked 
| 127|0x0000000611a00000, 0x0000000611a00000, 0x0000000611c00000|  0%| F|  |TAMS 0x0000000611a00000, 0x0000000611a00000| Untracked 
| 128|0x0000000611c00000, 0x0000000611c00000, 0x0000000611e00000|  0%| F|  |TAMS 0x0000000611c00000, 0x0000000611c00000| Untracked 
| 129|0x0000000611e00000, 0x0000000611e00000, 0x0000000612000000|  0%| F|  |TAMS 0x0000000611e00000, 0x0000000611e00000| Untracked 
| 130|0x0000000612000000, 0x0000000612000000, 0x0000000612200000|  0%| F|  |TAMS 0x0000000612000000, 0x0000000612000000| Untracked 
| 131|0x0000000612200000, 0x0000000612200000, 0x0000000612400000|  0%| F|  |TAMS 0x0000000612200000, 0x0000000612200000| Untracked 
| 132|0x0000000612400000, 0x0000000612400000, 0x0000000612600000|  0%| F|  |TAMS 0x0000000612400000, 0x0000000612400000| Untracked 
| 133|0x0000000612600000, 0x0000000612600000, 0x0000000612800000|  0%| F|  |TAMS 0x0000000612600000, 0x0000000612600000| Untracked 
| 134|0x0000000612800000, 0x0000000612800000, 0x0000000612a00000|  0%| F|  |TAMS 0x0000000612800000, 0x0000000612800000| Untracked 
| 135|0x0000000612a00000, 0x0000000612a00000, 0x0000000612c00000|  0%| F|  |TAMS 0x0000000612a00000, 0x0000000612a00000| Untracked 
| 136|0x0000000612c00000, 0x0000000612c00000, 0x0000000612e00000|  0%| F|  |TAMS 0x0000000612c00000, 0x0000000612c00000| Untracked 
| 137|0x0000000612e00000, 0x0000000612e00000, 0x0000000613000000|  0%| F|  |TAMS 0x0000000612e00000, 0x0000000612e00000| Untracked 
| 138|0x0000000613000000, 0x0000000613000000, 0x0000000613200000|  0%| F|  |TAMS 0x0000000613000000, 0x0000000613000000| Untracked 
| 139|0x0000000613200000, 0x0000000613200000, 0x0000000613400000|  0%| F|  |TAMS 0x0000000613200000, 0x0000000613200000| Untracked 
| 140|0x0000000613400000, 0x0000000613400000, 0x0000000613600000|  0%| F|  |TAMS 0x0000000613400000, 0x0000000613400000| Untracked 
| 141|0x0000000613600000, 0x0000000613600000, 0x0000000613800000|  0%| F|  |TAMS 0x0000000613600000, 0x0000000613600000| Untracked 
| 142|0x0000000613800000, 0x0000000613800000, 0x0000000613a00000|  0%| F|  |TAMS 0x0000000613800000, 0x0000000613800000| Untracked 
| 143|0x0000000613a00000, 0x0000000613a00000, 0x0000000613c00000|  0%| F|  |TAMS 0x0000000613a00000, 0x0000000613a00000| Untracked 
| 144|0x0000000613c00000, 0x0000000613c00000, 0x0000000613e00000|  0%| F|  |TAMS 0x0000000613c00000, 0x0000000613c00000| Untracked 
| 145|0x0000000613e00000, 0x0000000613e00000, 0x0000000614000000|  0%| F|  |TAMS 0x0000000613e00000, 0x0000000613e00000| Untracked 
| 146|0x0000000614000000, 0x0000000614000000, 0x0000000614200000|  0%| F|  |TAMS 0x0000000614000000, 0x0000000614000000| Untracked 
| 147|0x0000000614200000, 0x0000000614200000, 0x0000000614400000|  0%| F|  |TAMS 0x0000000614200000, 0x0000000614200000| Untracked 
| 148|0x0000000614400000, 0x0000000614400000, 0x0000000614600000|  0%| F|  |TAMS 0x0000000614400000, 0x0000000614400000| Untracked 
| 149|0x0000000614600000, 0x0000000614600000, 0x0000000614800000|  0%| F|  |TAMS 0x0000000614600000, 0x0000000614600000| Untracked 
| 150|0x0000000614800000, 0x0000000614800000, 0x0000000614a00000|  0%| F|  |TAMS 0x0000000614800000, 0x0000000614800000| Untracked 
| 151|0x0000000614a00000, 0x0000000614a00000, 0x0000000614c00000|  0%| F|  |TAMS 0x0000000614a00000, 0x0000000614a00000| Untracked 
| 152|0x0000000614c00000, 0x0000000614c00000, 0x0000000614e00000|  0%| F|  |TAMS 0x0000000614c00000, 0x0000000614c00000| Untracked 
| 153|0x0000000614e00000, 0x0000000614e00000, 0x0000000615000000|  0%| F|  |TAMS 0x0000000614e00000, 0x0000000614e00000| Untracked 
| 154|0x0000000615000000, 0x0000000615000000, 0x0000000615200000|  0%| F|  |TAMS 0x0000000615000000, 0x0000000615000000| Untracked 
| 155|0x0000000615200000, 0x0000000615200000, 0x0000000615400000|  0%| F|  |TAMS 0x0000000615200000, 0x0000000615200000| Untracked 
| 156|0x0000000615400000, 0x0000000615400000, 0x0000000615600000|  0%| F|  |TAMS 0x0000000615400000, 0x0000000615400000| Untracked 
| 157|0x0000000615600000, 0x0000000615600000, 0x0000000615800000|  0%| F|  |TAMS 0x0000000615600000, 0x0000000615600000| Untracked 
| 158|0x0000000615800000, 0x0000000615800000, 0x0000000615a00000|  0%| F|  |TAMS 0x0000000615800000, 0x0000000615800000| Untracked 
| 159|0x0000000615a00000, 0x0000000615a00000, 0x0000000615c00000|  0%| F|  |TAMS 0x0000000615a00000, 0x0000000615a00000| Untracked 
| 160|0x0000000615c00000, 0x0000000615c00000, 0x0000000615e00000|  0%| F|  |TAMS 0x0000000615c00000, 0x0000000615c00000| Untracked 
| 161|0x0000000615e00000, 0x0000000615e00000, 0x0000000616000000|  0%| F|  |TAMS 0x0000000615e00000, 0x0000000615e00000| Untracked 
| 162|0x0000000616000000, 0x0000000616000000, 0x0000000616200000|  0%| F|  |TAMS 0x0000000616000000, 0x0000000616000000| Untracked 
| 163|0x0000000616200000, 0x0000000616200000, 0x0000000616400000|  0%| F|  |TAMS 0x0000000616200000, 0x0000000616200000| Untracked 
| 164|0x0000000616400000, 0x0000000616400000, 0x0000000616600000|  0%| F|  |TAMS 0x0000000616400000, 0x0000000616400000| Untracked 
| 165|0x0000000616600000, 0x0000000616600000, 0x0000000616800000|  0%| F|  |TAMS 0x0000000616600000, 0x0000000616600000| Untracked 
| 166|0x0000000616800000, 0x0000000616800000, 0x0000000616a00000|  0%| F|  |TAMS 0x0000000616800000, 0x0000000616800000| Untracked 
| 167|0x0000000616a00000, 0x0000000616a00000, 0x0000000616c00000|  0%| F|  |TAMS 0x0000000616a00000, 0x0000000616a00000| Untracked 
| 168|0x0000000616c00000, 0x0000000616c00000, 0x0000000616e00000|  0%| F|  |TAMS 0x0000000616c00000, 0x0000000616c00000| Untracked 
| 169|0x0000000616e00000, 0x0000000616e00000, 0x0000000617000000|  0%| F|  |TAMS 0x0000000616e00000, 0x0000000616e00000| Untracked 
| 170|0x0000000617000000, 0x0000000617000000, 0x0000000617200000|  0%| F|  |TAMS 0x0000000617000000, 0x0000000617000000| Untracked 
| 171|0x0000000617200000, 0x0000000617200000, 0x0000000617400000|  0%| F|  |TAMS 0x0000000617200000, 0x0000000617200000| Untracked 
| 172|0x0000000617400000, 0x0000000617400000, 0x0000000617600000|  0%| F|  |TAMS 0x0000000617400000, 0x0000000617400000| Untracked 
| 173|0x0000000617600000, 0x0000000617600000, 0x0000000617800000|  0%| F|  |TAMS 0x0000000617600000, 0x0000000617600000| Untracked 
| 174|0x0000000617800000, 0x0000000617800000, 0x0000000617a00000|  0%| F|  |TAMS 0x0000000617800000, 0x0000000617800000| Untracked 
| 175|0x0000000617a00000, 0x0000000617a00000, 0x0000000617c00000|  0%| F|  |TAMS 0x0000000617a00000, 0x0000000617a00000| Untracked 
| 176|0x0000000617c00000, 0x0000000617c00000, 0x0000000617e00000|  0%| F|  |TAMS 0x0000000617c00000, 0x0000000617c00000| Untracked 
| 177|0x0000000617e00000, 0x0000000617e00000, 0x0000000618000000|  0%| F|  |TAMS 0x0000000617e00000, 0x0000000617e00000| Untracked 
| 178|0x0000000618000000, 0x0000000618000000, 0x0000000618200000|  0%| F|  |TAMS 0x0000000618000000, 0x0000000618000000| Untracked 
| 179|0x0000000618200000, 0x0000000618200000, 0x0000000618400000|  0%| F|  |TAMS 0x0000000618200000, 0x0000000618200000| Untracked 
| 180|0x0000000618400000, 0x0000000618400000, 0x0000000618600000|  0%| F|  |TAMS 0x0000000618400000, 0x0000000618400000| Untracked 
| 181|0x0000000618600000, 0x0000000618600000, 0x0000000618800000|  0%| F|  |TAMS 0x0000000618600000, 0x0000000618600000| Untracked 
| 182|0x0000000618800000, 0x0000000618800000, 0x0000000618a00000|  0%| F|  |TAMS 0x0000000618800000, 0x0000000618800000| Untracked 
| 183|0x0000000618a00000, 0x0000000618a00000, 0x0000000618c00000|  0%| F|  |TAMS 0x0000000618a00000, 0x0000000618a00000| Untracked 
| 184|0x0000000618c00000, 0x0000000618c00000, 0x0000000618e00000|  0%| F|  |TAMS 0x0000000618c00000, 0x0000000618c00000| Untracked 
| 185|0x0000000618e00000, 0x0000000618e00000, 0x0000000619000000|  0%| F|  |TAMS 0x0000000618e00000, 0x0000000618e00000| Untracked 
| 186|0x0000000619000000, 0x0000000619000000, 0x0000000619200000|  0%| F|  |TAMS 0x0000000619000000, 0x0000000619000000| Untracked 
| 187|0x0000000619200000, 0x0000000619200000, 0x0000000619400000|  0%| F|  |TAMS 0x0000000619200000, 0x0000000619200000| Untracked 
| 188|0x0000000619400000, 0x0000000619400000, 0x0000000619600000|  0%| F|  |TAMS 0x0000000619400000, 0x0000000619400000| Untracked 
| 189|0x0000000619600000, 0x0000000619600000, 0x0000000619800000|  0%| F|  |TAMS 0x0000000619600000, 0x0000000619600000| Untracked 
| 190|0x0000000619800000, 0x0000000619800000, 0x0000000619a00000|  0%| F|  |TAMS 0x0000000619800000, 0x0000000619800000| Untracked 
| 191|0x0000000619a00000, 0x0000000619a00000, 0x0000000619c00000|  0%| F|  |TAMS 0x0000000619a00000, 0x0000000619a00000| Untracked 
| 192|0x0000000619c00000, 0x0000000619c00000, 0x0000000619e00000|  0%| F|  |TAMS 0x0000000619c00000, 0x0000000619c00000| Untracked 
| 193|0x0000000619e00000, 0x0000000619e00000, 0x000000061a000000|  0%| F|  |TAMS 0x0000000619e00000, 0x0000000619e00000| Untracked 
| 194|0x000000061a000000, 0x000000061a000000, 0x000000061a200000|  0%| F|  |TAMS 0x000000061a000000, 0x000000061a000000| Untracked 
| 195|0x000000061a200000, 0x000000061a200000, 0x000000061a400000|  0%| F|  |TAMS 0x000000061a200000, 0x000000061a200000| Untracked 
| 196|0x000000061a400000, 0x000000061a400000, 0x000000061a600000|  0%| F|  |TAMS 0x000000061a400000, 0x000000061a400000| Untracked 
| 197|0x000000061a600000, 0x000000061a600000, 0x000000061a800000|  0%| F|  |TAMS 0x000000061a600000, 0x000000061a600000| Untracked 
| 198|0x000000061a800000, 0x000000061a800000, 0x000000061aa00000|  0%| F|  |TAMS 0x000000061a800000, 0x000000061a800000| Untracked 
| 199|0x000000061aa00000, 0x000000061aa00000, 0x000000061ac00000|  0%| F|  |TAMS 0x000000061aa00000, 0x000000061aa00000| Untracked 
| 200|0x000000061ac00000, 0x000000061ac00000, 0x000000061ae00000|  0%| F|  |TAMS 0x000000061ac00000, 0x000000061ac00000| Untracked 
| 201|0x000000061ae00000, 0x000000061ae00000, 0x000000061b000000|  0%| F|  |TAMS 0x000000061ae00000, 0x000000061ae00000| Untracked 
| 202|0x000000061b000000, 0x000000061b000000, 0x000000061b200000|  0%| F|  |TAMS 0x000000061b000000, 0x000000061b000000| Untracked 
| 203|0x000000061b200000, 0x000000061b200000, 0x000000061b400000|  0%| F|  |TAMS 0x000000061b200000, 0x000000061b200000| Untracked 
| 204|0x000000061b400000, 0x000000061b400000, 0x000000061b600000|  0%| F|  |TAMS 0x000000061b400000, 0x000000061b400000| Untracked 
| 205|0x000000061b600000, 0x000000061b600000, 0x000000061b800000|  0%| F|  |TAMS 0x000000061b600000, 0x000000061b600000| Untracked 
| 206|0x000000061b800000, 0x000000061b800000, 0x000000061ba00000|  0%| F|  |TAMS 0x000000061b800000, 0x000000061b800000| Untracked 
| 207|0x000000061ba00000, 0x000000061ba00000, 0x000000061bc00000|  0%| F|  |TAMS 0x000000061ba00000, 0x000000061ba00000| Untracked 
| 208|0x000000061bc00000, 0x000000061bc00000, 0x000000061be00000|  0%| F|  |TAMS 0x000000061bc00000, 0x000000061bc00000| Untracked 
| 209|0x000000061be00000, 0x000000061be00000, 0x000000061c000000|  0%| F|  |TAMS 0x000000061be00000, 0x000000061be00000| Untracked 
| 210|0x000000061c000000, 0x000000061c000000, 0x000000061c200000|  0%| F|  |TAMS 0x000000061c000000, 0x000000061c000000| Untracked 
| 211|0x000000061c200000, 0x000000061c200000, 0x000000061c400000|  0%| F|  |TAMS 0x000000061c200000, 0x000000061c200000| Untracked 
| 212|0x000000061c400000, 0x000000061c400000, 0x000000061c600000|  0%| F|  |TAMS 0x000000061c400000, 0x000000061c400000| Untracked 
| 213|0x000000061c600000, 0x000000061c600000, 0x000000061c800000|  0%| F|  |TAMS 0x000000061c600000, 0x000000061c600000| Untracked 
| 214|0x000000061c800000, 0x000000061c800000, 0x000000061ca00000|  0%| F|  |TAMS 0x000000061c800000, 0x000000061c800000| Untracked 
| 215|0x000000061ca00000, 0x000000061ca00000, 0x000000061cc00000|  0%| F|  |TAMS 0x000000061ca00000, 0x000000061ca00000| Untracked 
| 216|0x000000061cc00000, 0x000000061cc00000, 0x000000061ce00000|  0%| F|  |TAMS 0x000000061cc00000, 0x000000061cc00000| Untracked 
| 217|0x000000061ce00000, 0x000000061ce00000, 0x000000061d000000|  0%| F|  |TAMS 0x000000061ce00000, 0x000000061ce00000| Untracked 
| 218|0x000000061d000000, 0x000000061d000000, 0x000000061d200000|  0%| F|  |TAMS 0x000000061d000000, 0x000000061d000000| Untracked 
| 219|0x000000061d200000, 0x000000061d200000, 0x000000061d400000|  0%| F|  |TAMS 0x000000061d200000, 0x000000061d200000| Untracked 
| 220|0x000000061d400000, 0x000000061d400000, 0x000000061d600000|  0%| F|  |TAMS 0x000000061d400000, 0x000000061d400000| Untracked 
| 221|0x000000061d600000, 0x000000061d600000, 0x000000061d800000|  0%| F|  |TAMS 0x000000061d600000, 0x000000061d600000| Untracked 
| 222|0x000000061d800000, 0x000000061d800000, 0x000000061da00000|  0%| F|  |TAMS 0x000000061d800000, 0x000000061d800000| Untracked 
| 223|0x000000061da00000, 0x000000061da00000, 0x000000061dc00000|  0%| F|  |TAMS 0x000000061da00000, 0x000000061da00000| Untracked 
| 224|0x000000061dc00000, 0x000000061dc00000, 0x000000061de00000|  0%| F|  |TAMS 0x000000061dc00000, 0x000000061dc00000| Untracked 
| 225|0x000000061de00000, 0x000000061de00000, 0x000000061e000000|  0%| F|  |TAMS 0x000000061de00000, 0x000000061de00000| Untracked 
| 226|0x000000061e000000, 0x000000061e000000, 0x000000061e200000|  0%| F|  |TAMS 0x000000061e000000, 0x000000061e000000| Untracked 
| 227|0x000000061e200000, 0x000000061e200000, 0x000000061e400000|  0%| F|  |TAMS 0x000000061e200000, 0x000000061e200000| Untracked 
| 228|0x000000061e400000, 0x000000061e400000, 0x000000061e600000|  0%| F|  |TAMS 0x000000061e400000, 0x000000061e400000| Untracked 
| 229|0x000000061e600000, 0x000000061e600000, 0x000000061e800000|  0%| F|  |TAMS 0x000000061e600000, 0x000000061e600000| Untracked 
| 230|0x000000061e800000, 0x000000061e800000, 0x000000061ea00000|  0%| F|  |TAMS 0x000000061e800000, 0x000000061e800000| Untracked 
| 231|0x000000061ea00000, 0x000000061ea00000, 0x000000061ec00000|  0%| F|  |TAMS 0x000000061ea00000, 0x000000061ea00000| Untracked 
| 232|0x000000061ec00000, 0x000000061ec00000, 0x000000061ee00000|  0%| F|  |TAMS 0x000000061ec00000, 0x000000061ec00000| Untracked 
| 233|0x000000061ee00000, 0x000000061ee00000, 0x000000061f000000|  0%| F|  |TAMS 0x000000061ee00000, 0x000000061ee00000| Untracked 
| 234|0x000000061f000000, 0x000000061f000000, 0x000000061f200000|  0%| F|  |TAMS 0x000000061f000000, 0x000000061f000000| Untracked 
| 235|0x000000061f200000, 0x000000061f200000, 0x000000061f400000|  0%| F|  |TAMS 0x000000061f200000, 0x000000061f200000| Untracked 
| 236|0x000000061f400000, 0x000000061f400000, 0x000000061f600000|  0%| F|  |TAMS 0x000000061f400000, 0x000000061f400000| Untracked 
| 237|0x000000061f600000, 0x000000061f600000, 0x000000061f800000|  0%| F|  |TAMS 0x000000061f600000, 0x000000061f600000| Untracked 
| 238|0x000000061f800000, 0x000000061f800000, 0x000000061fa00000|  0%| F|  |TAMS 0x000000061f800000, 0x000000061f800000| Untracked 
| 239|0x000000061fa00000, 0x000000061fa00000, 0x000000061fc00000|  0%| F|  |TAMS 0x000000061fa00000, 0x000000061fa00000| Untracked 
| 240|0x000000061fc00000, 0x000000061fc00000, 0x000000061fe00000|  0%| F|  |TAMS 0x000000061fc00000, 0x000000061fc00000| Untracked 
| 241|0x000000061fe00000, 0x000000061fe0c9f0, 0x0000000620000000|  2%| S|CS|TAMS 0x000000061fe00000, 0x000000061fe00000| Complete 
| 242|0x0000000620000000, 0x0000000620000000, 0x0000000620200000|  0%| F|  |TAMS 0x0000000620000000, 0x0000000620000000| Untracked 
| 243|0x0000000620200000, 0x0000000620200000, 0x0000000620400000|  0%| F|  |TAMS 0x0000000620200000, 0x0000000620200000| Untracked 
| 244|0x0000000620400000, 0x0000000620600000, 0x0000000620600000|100%| S|CS|TAMS 0x0000000620400000, 0x0000000620400000| Complete 
| 245|0x0000000620600000, 0x0000000620800000, 0x0000000620800000|100%| S|CS|TAMS 0x0000000620600000, 0x0000000620600000| Complete 
| 246|0x0000000620800000, 0x0000000620800000, 0x0000000620a00000|  0%| F|  |TAMS 0x0000000620800000, 0x0000000620800000| Untracked 
| 247|0x0000000620a00000, 0x0000000620a00000, 0x0000000620c00000|  0%| F|  |TAMS 0x0000000620a00000, 0x0000000620a00000| Untracked 
| 248|0x0000000620c00000, 0x0000000620c00000, 0x0000000620e00000|  0%| F|  |TAMS 0x0000000620c00000, 0x0000000620c00000| Untracked 
| 249|0x0000000620e00000, 0x0000000620e00000, 0x0000000621000000|  0%| F|  |TAMS 0x0000000620e00000, 0x0000000620e00000| Untracked 
| 250|0x0000000621000000, 0x0000000621000000, 0x0000000621200000|  0%| F|  |TAMS 0x0000000621000000, 0x0000000621000000| Untracked 
| 251|0x0000000621200000, 0x0000000621200000, 0x0000000621400000|  0%| F|  |TAMS 0x0000000621200000, 0x0000000621200000| Untracked 
| 252|0x0000000621400000, 0x0000000621400000, 0x0000000621600000|  0%| F|  |TAMS 0x0000000621400000, 0x0000000621400000| Untracked 
| 253|0x0000000621600000, 0x0000000621600000, 0x0000000621800000|  0%| F|  |TAMS 0x0000000621600000, 0x0000000621600000| Untracked 
| 254|0x0000000621800000, 0x0000000621800000, 0x0000000621a00000|  0%| F|  |TAMS 0x0000000621800000, 0x0000000621800000| Untracked 
| 255|0x0000000621a00000, 0x0000000621b00000, 0x0000000621c00000| 50%| E|  |TAMS 0x0000000621a00000, 0x0000000621a00000| Complete 

Card table byte_map: [0x0000020420d00000,0x0000020421d00000] _byte_map_base: 0x000002041dcf2000

Marking Bits (Prev, Next): (CMBitMap*) 0x00000204080fc878, (CMBitMap*) 0x00000204080fc8b0
 Prev Bits: [0x0000020422d00000, 0x000002042ac90000)
 Next Bits: [0x000002042ac90000, 0x0000020432c20000)

Polling page: 0x0000020405e20000

Metaspace:

Usage:
  Non-class:     18.13 MB capacity,    17.90 MB ( 99%) used,   206.48 KB (  1%) free+waste,    26.25 KB ( <1%) overhead. 
      Class:      2.37 MB capacity,     2.26 MB ( 95%) used,   103.16 KB (  4%) free+waste,    11.00 KB ( <1%) overhead. 
       Both:     20.50 MB capacity,    20.16 MB ( 98%) used,   309.64 KB (  1%) free+waste,    37.25 KB ( <1%) overhead. 

Virtual space:
  Non-class space:       30.00 MB reserved,      18.25 MB ( 61%) committed 
      Class space:        1.00 GB reserved,       2.38 MB ( <1%) committed 
             Both:        1.03 GB reserved,      20.63 MB (  2%) committed 

Chunk freelists:
   Non-Class:  60.00 KB
       Class:  1.00 KB
        Both:  61.00 KB

MaxMetaspaceSize: 17179869184.00 GB
CompressedClassSpaceSize: 1.00 GB
Initial GC threshold: 20.80 MB
Current GC threshold: 21.12 MB
CDS: off

CodeHeap 'non-profiled nmethods': size=120000Kb used=495Kb max_used=495Kb free=119504Kb
 bounds [0x0000020418270000, 0x00000204184e0000, 0x000002041f7a0000]
CodeHeap 'profiled nmethods': size=120000Kb used=2813Kb max_used=2813Kb free=117186Kb
 bounds [0x0000020410d40000, 0x0000020411000000, 0x0000020418270000]
CodeHeap 'non-nmethods': size=5760Kb used=1183Kb max_used=1200Kb free=4576Kb
 bounds [0x00000204107a0000, 0x0000020410a10000, 0x0000020410d40000]
 total_blobs=1888 nmethods=1437 adapters=364
 compilation: enabled
              stopped_count=0, restarted_count=0
 full_count=0

Compilation events (20 events):
Event: 0.664 Thread 0x00000204363b8000 1423       3       java.lang.reflect.ProxyGenerator::code_astore (11 bytes)
Event: 0.664 Thread 0x00000204363b8000 nmethod 1423 0x0000020410ff9590 code [0x0000020410ff9740, 0x0000020410ff9888]
Event: 0.664 Thread 0x00000204363b8000 1426       3       java.nio.ByteBuffer::wrap (8 bytes)
Event: 0.664 Thread 0x00000204363b8000 nmethod 1426 0x0000020410ff9910 code [0x0000020410ff9b00, 0x0000020410ff9e98]
Event: 0.664 Thread 0x00000204363b8000 1427   !   3       java.nio.ByteBuffer::wrap (20 bytes)
Event: 0.664 Thread 0x00000204363b8000 nmethod 1427 0x0000020410ffa090 code [0x0000020410ffa260, 0x0000020410ffa578]
Event: 0.664 Thread 0x00000204363b8000 1428       3       java.lang.reflect.Constructor::getRoot (5 bytes)
Event: 0.665 Thread 0x00000204363b8000 nmethod 1428 0x0000020410ffa790 code [0x0000020410ffa940, 0x0000020410ffaa58]
Event: 0.665 Thread 0x00000204363b8000 1430       3       java.util.HashMap$EntryIterator::next (5 bytes)
Event: 0.665 Thread 0x00000204363b8000 nmethod 1430 0x0000020410ffab10 code [0x0000020410fface0, 0x0000020410ffae68]
Event: 0.665 Thread 0x00000204363b8000 1432       3       java.lang.String::regionMatches (150 bytes)
Event: 0.666 Thread 0x00000204363b8000 nmethod 1432 0x0000020410ffaf10 code [0x0000020410ffb180, 0x0000020410ffbb48]
Event: 0.666 Thread 0x00000204363b8000 1431       3       java.util.HashMap$EntryIterator::next (5 bytes)
Event: 0.666 Thread 0x00000204363b8000 nmethod 1431 0x0000020410ffbe90 code [0x0000020410ffc040, 0x0000020410ffc168]
Event: 0.666 Thread 0x00000204363b8000 1434       3       java.lang.Class::isAnnotation (17 bytes)
Event: 0.666 Thread 0x00000204363b8000 nmethod 1434 0x0000020410ffc210 code [0x0000020410ffc3c0, 0x0000020410ffc548]
Event: 0.666 Thread 0x00000204363b8000 1435       3       sun.reflect.annotation.AnnotationParser::parseMemberValue (162 bytes)
Event: 0.667 Thread 0x00000204363b8000 nmethod 1435 0x0000020410ffc610 code [0x0000020410ffc960, 0x0000020410ffdc58]
Event: 0.667 Thread 0x00000204363b8000 1436       3       java.util.HashMap::putMapEntries (154 bytes)
Event: 0.667 Thread 0x00000204363b8000 nmethod 1436 0x0000020410ffe290 code [0x0000020410ffe560, 0x0000020410fff328]

GC Heap History (2 events):
Event: 0.469 GC heap before
{Heap before GC invocations=0 (full 0):
 garbage-first heap   total 524288K, used 24576K [0x0000000601c00000, 0x0000000800000000)
  region size 2048K, 12 young (24576K), 0 survivors (0K)
 Metaspace       used 14779K, capacity 15103K, committed 15360K, reserved 1062912K
  class space    used 1612K, capacity 1707K, committed 1792K, reserved 1048576K
}
Event: 0.471 GC heap after
{Heap after GC invocations=1 (full 0):
 garbage-first heap   total 524288K, used 5147K [0x0000000601c00000, 0x0000000800000000)
  region size 2048K, 2 young (4096K), 2 survivors (4096K)
 Metaspace       used 14779K, capacity 15103K, committed 15360K, reserved 1062912K
  class space    used 1612K, capacity 1707K, committed 1792K, reserved 1048576K
}

Deoptimization events (20 events):
Event: 0.659 Thread 0x0000020408071800 Uncommon trap: trap_request=0xffffff4d fr.pc=0x00000204182d3cb8 relative=0x00000000000005f8
Event: 0.659 Thread 0x0000020408071800 Uncommon trap: reason=unstable_if action=reinterpret pc=0x00000204182d3cb8 method=java.lang.StringLatin1.regionMatchesCI([BI[BII)Z @ 66 c2
Event: 0.659 Thread 0x0000020408071800 DEOPT PACKING pc=0x00000204182d3cb8 sp=0x0000007b1befdc70
Event: 0.659 Thread 0x0000020408071800 DEOPT UNPACKING pc=0x00000204107ea1af sp=0x0000007b1befdb40 mode 2
Event: 0.663 Thread 0x0000020408071800 Uncommon trap: trap_request=0xffffffde fr.pc=0x00000204182e8558 relative=0x0000000000000938
Event: 0.663 Thread 0x0000020408071800 Uncommon trap: reason=class_check action=maybe_recompile pc=0x00000204182e8558 method=java.lang.reflect.ProxyGenerator$ConstantPool$IndirectEntry.equals(Ljava/lang/Object;)Z @ 1 c2
Event: 0.663 Thread 0x0000020408071800 DEOPT PACKING pc=0x00000204182e8558 sp=0x0000007b1befb820
Event: 0.663 Thread 0x0000020408071800 DEOPT UNPACKING pc=0x00000204107ea1af sp=0x0000007b1befb698 mode 2
Event: 0.663 Thread 0x0000020408071800 Uncommon trap: trap_request=0xffffffde fr.pc=0x00000204182e8558 relative=0x0000000000000938
Event: 0.663 Thread 0x0000020408071800 Uncommon trap: reason=class_check action=maybe_recompile pc=0x00000204182e8558 method=java.lang.reflect.ProxyGenerator$ConstantPool$IndirectEntry.equals(Ljava/lang/Object;)Z @ 1 c2
Event: 0.663 Thread 0x0000020408071800 DEOPT PACKING pc=0x00000204182e8558 sp=0x0000007b1befb820
Event: 0.663 Thread 0x0000020408071800 DEOPT UNPACKING pc=0x00000204107ea1af sp=0x0000007b1befb698 mode 2
Event: 0.663 Thread 0x0000020408071800 Uncommon trap: trap_request=0xffffffde fr.pc=0x00000204182e8558 relative=0x0000000000000938
Event: 0.663 Thread 0x0000020408071800 Uncommon trap: reason=class_check action=maybe_recompile pc=0x00000204182e8558 method=java.lang.reflect.ProxyGenerator$ConstantPool$IndirectEntry.equals(Ljava/lang/Object;)Z @ 1 c2
Event: 0.663 Thread 0x0000020408071800 DEOPT PACKING pc=0x00000204182e8558 sp=0x0000007b1befb7b0
Event: 0.663 Thread 0x0000020408071800 DEOPT UNPACKING pc=0x00000204107ea1af sp=0x0000007b1befb628 mode 2
Event: 0.663 Thread 0x0000020408071800 Uncommon trap: trap_request=0xffffffde fr.pc=0x00000204182e8558 relative=0x0000000000000938
Event: 0.663 Thread 0x0000020408071800 Uncommon trap: reason=class_check action=maybe_recompile pc=0x00000204182e8558 method=java.lang.reflect.ProxyGenerator$ConstantPool$IndirectEntry.equals(Ljava/lang/Object;)Z @ 1 c2
Event: 0.663 Thread 0x0000020408071800 DEOPT PACKING pc=0x00000204182e8558 sp=0x0000007b1befb7c0
Event: 0.663 Thread 0x0000020408071800 DEOPT UNPACKING pc=0x00000204107ea1af sp=0x0000007b1befb638 mode 2

Classes redefined (0 events):
No events

Internal exceptions (12 events):
Event: 0.063 Thread 0x0000020408071800 Exception <a 'java/security/PrivilegedActionException'{0x0000000621b524a8}> (0x0000000621b524a8) thrown at [./src/hotspot/share/prims/jvm.cpp, line 1306]
Event: 0.063 Thread 0x0000020408071800 Exception <a 'java/security/PrivilegedActionException'{0x0000000621b52778}> (0x0000000621b52778) thrown at [./src/hotspot/share/prims/jvm.cpp, line 1306]
Event: 0.439 Thread 0x0000020408071800 Exception <a 'java/lang/NoSuchMethodError'{0x000000062045abd8}: 'int java.lang.invoke.DirectMethodHandle$Holder.invokeStaticInit(java.lang.Object, java.lang.Object, java.lang.Object, java.lang.Object)'> (0x000000062045abd8) thrown at [./src/hotspot/share/interpreter/linkResolver.cpp, line 773]
Event: 0.440 Thread 0x0000020408071800 Exception <a 'java/lang/IncompatibleClassChangeError'{0x00000006204641e8}: Found class java.lang.Object, but interface was expected> (0x00000006204641e8) thrown at [./src/hotspot/share/interpreter/linkResolver.cpp, line 839]
Event: 0.441 Thread 0x0000020408071800 Exception <a 'java/lang/NoSuchMethodError'{0x00000006204670b0}: 'void java.lang.invoke.DirectMethodHandle$Holder.invokeStaticInit(java.lang.Object, java.lang.Object)'> (0x00000006204670b0) thrown at [./src/hotspot/share/interpreter/linkResolver.cpp, line 773]
Event: 0.441 Thread 0x0000020408071800 Exception <a 'java/lang/NoSuchMethodError'{0x000000062046c928}: 'int java.lang.invoke.DirectMethodHandle$Holder.invokeStaticInit(java.lang.Object, java.lang.Object)'> (0x000000062046c928) thrown at [./src/hotspot/share/interpreter/linkResolver.cpp, line 773]
Event: 0.462 Thread 0x0000020408071800 Exception <a 'java/lang/NoSuchMethodError'{0x000000062058b340}: 'java.lang.Object java.lang.invoke.DirectMethodHandle$Holder.invokeStaticInit(java.lang.Object, java.lang.Object, java.lang.Object)'> (0x000000062058b340) thrown at [./src/hotspot/share/interpreter/linkResolver.cpp, line 773]
Event: 0.604 Thread 0x0000020408071800 Implicit null exception at 0x00000204182a54f5 to 0x00000204182a56c4
Event: 0.604 Thread 0x0000020408071800 Implicit null exception at 0x00000204182baff8 to 0x00000204182bb08a
Event: 0.604 Thread 0x0000020408071800 Implicit null exception at 0x00000204182a5aaf to 0x00000204182a5b29
Event: 0.607 Thread 0x0000020408071800 Exception <a 'java/lang/NoSuchMethodError'{0x0000000620db3310}: 'int java.lang.invoke.DirectMethodHandle$Holder.invokeSpecialIFC(java.lang.Object, java.lang.Object, int)'> (0x0000000620db3310) thrown at [./src/hotspot/share/interpreter/linkResolver.cpp, line 773]
Event: 0.635 Thread 0x0000020408071800 Exception <a 'java/lang/NoSuchMethodError'{0x0000000620ae02e8}: 'int java.lang.invoke.DirectMethodHandle$Holder.invokeStatic(java.lang.Object, java.lang.Object, java.lang.Object, java.lang.Object, java.lang.Object)'> (0x0000000620ae02e8) thrown at [./src/hotspot/share/interpreter/linkResolver.cpp, line 773]

Events (20 events):
Event: 0.669 loading class javax/management/MBeanServerDelegateMBean done
Event: 0.669 loading class javax/management/MBeanServerDelegate done
Event: 0.669 loading class com/sun/jmx/mbeanserver/MBeanServerDelegateImpl done
Event: 0.669 loading class javax/management/MBeanNotificationInfo
Event: 0.669 loading class javax/management/MBeanFeatureInfo
Event: 0.669 loading class javax/management/DescriptorRead
Event: 0.669 loading class javax/management/DescriptorRead done
Event: 0.669 loading class javax/management/MBeanFeatureInfo done
Event: 0.669 loading class javax/management/MBeanNotificationInfo done
Event: 0.669 loading class javax/management/MBeanInfo
Event: 0.669 loading class javax/management/MBeanInfo done
Event: 0.669 loading class com/sun/jmx/mbeanserver/Util
Event: 0.669 loading class com/sun/jmx/mbeanserver/Util done
Event: 0.669 loading class javax/management/ObjectName
Event: 0.669 loading class javax/management/QueryExp
Event: 0.669 loading class javax/management/QueryExp done
Event: 0.669 loading class javax/management/ObjectName done
Event: 0.669 loading class javax/management/ObjectName$Property
Event: 0.669 loading class javax/management/ObjectName$Property done
Event: 0.670 loading class javax/management/MBeanAttributeInfo


Dynamic libraries:
0x00007ff6b1180000 - 0x00007ff6b118d000 	C:\Program Files\Eclipse Adoptium\jdk-11.0.14.101-hotspot\bin\java.exe
0x00007ffe61470000 - 0x00007ffe6165d000 	C:\Windows\SYSTEM32\ntdll.dll
0x00007ffe60830000 - 0x00007ffe608e3000 	C:\Windows\System32\KERNEL32.DLL
0x00007ffe5de00000 - 0x00007ffe5e093000 	C:\Windows\System32\KERNELBASE.dll
0x00007ffe5e300000 - 0x00007ffe5e3fa000 	C:\Windows\System32\ucrtbase.dll
0x00007ffe3bc00000 - 0x00007ffe3bc15000 	C:\Program Files\Eclipse Adoptium\jdk-11.0.14.101-hotspot\bin\VCRUNTIME140.dll
0x00007ffe3f510000 - 0x00007ffe3f527000 	C:\Program Files\Eclipse Adoptium\jdk-11.0.14.101-hotspot\bin\jli.dll
0x00007ffe60690000 - 0x00007ffe60827000 	C:\Windows\System32\USER32.dll
0x00007ffe5d540000 - 0x00007ffe5d560000 	C:\Windows\System32\win32u.dll
0x00007ffe5fdd0000 - 0x00007ffe5fdf9000 	C:\Windows\System32\GDI32.dll
0x00007ffe5e400000 - 0x00007ffe5e59a000 	C:\Windows\System32\gdi32full.dll
0x00007ffe5dd60000 - 0x00007ffe5de00000 	C:\Windows\System32\msvcp_win.dll
0x00007ffe48840000 - 0x00007ffe48ab9000 	C:\Windows\WinSxS\amd64_microsoft.windows.common-controls_6595b64144ccf1df_6.0.17763.437_none_05b63dca071e5dd6\COMCTL32.dll
0x00007ffe608f0000 - 0x00007ffe6098e000 	C:\Windows\System32\msvcrt.dll
0x00007ffe602e0000 - 0x00007ffe6060c000 	C:\Windows\System32\combase.dll
0x00007ffe60bc0000 - 0x00007ffe60ce2000 	C:\Windows\System32\RPCRT4.dll
0x00007ffe5e0a0000 - 0x00007ffe5e11e000 	C:\Windows\System32\bcryptPrimitives.dll
0x00007ffe60b90000 - 0x00007ffe60bbe000 	C:\Windows\System32\IMM32.DLL
0x00007ffe310d0000 - 0x00007ffe3116b000 	C:\Program Files\Eclipse Adoptium\jdk-11.0.14.101-hotspot\bin\msvcp140.dll
0x00007ffe0e8b0000 - 0x00007ffe0f431000 	C:\Program Files\Eclipse Adoptium\jdk-11.0.14.101-hotspot\bin\server\jvm.dll
0x00007ffe5fe00000 - 0x00007ffe5fea3000 	C:\Windows\System32\ADVAPI32.dll
0x00007ffe5ff30000 - 0x00007ffe5ffce000 	C:\Windows\System32\sechost.dll
0x00007ffe60d50000 - 0x00007ffe60d58000 	C:\Windows\System32\PSAPI.DLL
0x00007ffe5b730000 - 0x00007ffe5b754000 	C:\Windows\SYSTEM32\WINMM.dll
0x00007ffe526e0000 - 0x00007ffe526ea000 	C:\Windows\SYSTEM32\VERSION.dll
0x00007ffe51200000 - 0x00007ffe51209000 	C:\Windows\SYSTEM32\WSOCK32.dll
0x00007ffe609a0000 - 0x00007ffe60a0d000 	C:\Windows\System32\WS2_32.dll
0x00007ffe5b6c0000 - 0x00007ffe5b6ed000 	C:\Windows\SYSTEM32\winmmbase.dll
0x00007ffe5e5a0000 - 0x00007ffe5e5ea000 	C:\Windows\System32\cfgmgr32.dll
0x00007ffe5d470000 - 0x00007ffe5d481000 	C:\Windows\System32\kernel.appcore.dll
0x00007ffe40c30000 - 0x00007ffe40c40000 	C:\Program Files\Eclipse Adoptium\jdk-11.0.14.101-hotspot\bin\verify.dll
0x00007ffe4d690000 - 0x00007ffe4d87d000 	C:\Windows\SYSTEM32\DBGHELP.DLL
0x00007ffe492a0000 - 0x00007ffe492ca000 	C:\Windows\SYSTEM32\dbgcore.DLL
0x00007ffe3a1e0000 - 0x00007ffe3a208000 	C:\Program Files\Eclipse Adoptium\jdk-11.0.14.101-hotspot\bin\java.dll
0x00007ffe40c00000 - 0x00007ffe40c0a000 	C:\Program Files\Eclipse Adoptium\jdk-11.0.14.101-hotspot\bin\jimage.dll
0x00007ffe3d1e0000 - 0x00007ffe3d1f8000 	C:\Program Files\Eclipse Adoptium\jdk-11.0.14.101-hotspot\bin\zip.dll
0x00007ffe5e700000 - 0x00007ffe5fbf0000 	C:\Windows\System32\SHELL32.dll
0x00007ffe61390000 - 0x00007ffe61438000 	C:\Windows\System32\shcore.dll
0x00007ffe5d610000 - 0x00007ffe5dd5a000 	C:\Windows\System32\windows.storage.dll
0x00007ffe5d4f0000 - 0x00007ffe5d514000 	C:\Windows\System32\profapi.dll
0x00007ffe5d490000 - 0x00007ffe5d4ed000 	C:\Windows\System32\powrprof.dll
0x00007ffe60630000 - 0x00007ffe60682000 	C:\Windows\System32\shlwapi.dll
0x00007ffe5e680000 - 0x00007ffe5e697000 	C:\Windows\System32\cryptsp.dll
0x00007ffe3c680000 - 0x00007ffe3c699000 	C:\Program Files\Eclipse Adoptium\jdk-11.0.14.101-hotspot\bin\net.dll
0x00007ffe589f0000 - 0x00007ffe58ae1000 	C:\Windows\SYSTEM32\WINHTTP.dll
0x00007ffe5cc90000 - 0x00007ffe5ccf7000 	C:\Windows\system32\mswsock.dll
0x00007ffe3bb40000 - 0x00007ffe3bb53000 	C:\Program Files\Eclipse Adoptium\jdk-11.0.14.101-hotspot\bin\nio.dll
0x00007ffe40c10000 - 0x00007ffe40c19000 	C:\Program Files\Eclipse Adoptium\jdk-11.0.14.101-hotspot\bin\management.dll
0x00007ffe3f750000 - 0x00007ffe3f75b000 	C:\Program Files\Eclipse Adoptium\jdk-11.0.14.101-hotspot\bin\management_ext.dll
0x00007ffe3f360000 - 0x00007ffe3f376000 	C:\Windows\system32\napinsp.dll
0x00007ffe3f340000 - 0x00007ffe3f35a000 	C:\Windows\system32\pnrpnsp.dll
0x00007ffe5ca30000 - 0x00007ffe5caf6000 	C:\Windows\SYSTEM32\DNSAPI.dll
0x00007ffe5fdc0000 - 0x00007ffe5fdc8000 	C:\Windows\System32\NSI.dll
0x00007ffe5c9f0000 - 0x00007ffe5ca2d000 	C:\Windows\SYSTEM32\IPHLPAPI.DLL
0x00007ffe4a3a0000 - 0x00007ffe4a3ae000 	C:\Windows\System32\winrnr.dll
0x00007ffe59b80000 - 0x00007ffe59b9b000 	C:\Windows\system32\NLAapi.dll
0x00007ffe57f80000 - 0x00007ffe57f95000 	C:\Windows\system32\wshbth.dll
0x00007ffe54df0000 - 0x00007ffe54dfa000 	C:\Windows\System32\rasadhlp.dll
0x00007ffe571e0000 - 0x00007ffe57259000 	C:\Windows\System32\fwpuclnt.dll
0x00007ffe5e650000 - 0x00007ffe5e676000 	C:\Windows\System32\bcrypt.dll

dbghelp: loaded successfully - version: 4.0.5 - missing functions: none
symbol engine: initialized successfully - sym options: 0x614 - pdb path: .;C:\Program Files\Eclipse Adoptium\jdk-11.0.14.101-hotspot\bin;C:\Windows\SYSTEM32;C:\Windows\WinSxS\amd64_microsoft.windows.common-controls_6595b64144ccf1df_6.0.17763.437_none_05b63dca071e5dd6;C:\Program Files\Eclipse Adoptium\jdk-11.0.14.101-hotspot\bin\server

VM Arguments:
jvm_args: -Dapp.name=browsermob-proxy -Dapp.repo=E:\pdf\src\browsermob-proxy-2.1.4-bin\browsermob-proxy-2.1.4\bin\\..\lib -Dbasedir=E:\pdf\src\browsermob-proxy-2.1.4-bin\browsermob-proxy-2.1.4\bin\\.. 
java_command: net.lightbody.bmp.proxy.Main --port=8080
java_class_path (initial): ;E:\pdf\src\browsermob-proxy-2.1.4-bin\browsermob-proxy-2.1.4\bin\\..\etc;E:\pdf\src\browsermob-proxy-2.1.4-bin\browsermob-proxy-2.1.4\bin\\..\lib\browsermob-dist-2.1.4.jar
Launcher Type: SUN_STANDARD

[Global flags]
     intx CICompilerCount                          = 4                                         {product} {ergonomic}
     uint ConcGCThreads                            = 3                                         {product} {ergonomic}
     uint G1ConcRefinementThreads                  = 10                                        {product} {ergonomic}
   size_t G1HeapRegionSize                         = 2097152                                   {product} {ergonomic}
    uintx GCDrainStackTargetSize                   = 64                                        {product} {ergonomic}
   size_t InitialHeapSize                          = 536870912                                 {product} {ergonomic}
   size_t MarkStackSize                            = 4194304                                   {product} {ergonomic}
   size_t MaxHeapSize                              = 8560574464                                {product} {ergonomic}
   size_t MaxNewSize                               = 5135925248                                {product} {ergonomic}
   size_t MinHeapDeltaBytes                        = 2097152                                   {product} {ergonomic}
    uintx NonNMethodCodeHeapSize                   = 5836300                                {pd product} {ergonomic}
    uintx NonProfiledCodeHeapSize                  = 122910970                              {pd product} {ergonomic}
    uintx ProfiledCodeHeapSize                     = 122910970                              {pd product} {ergonomic}
    uintx ReservedCodeCacheSize                    = 251658240                              {pd product} {ergonomic}
     bool SegmentedCodeCache                       = true                                      {product} {ergonomic}
     bool UseCompressedClassPointers               = true                                 {lp64_product} {ergonomic}
     bool UseCompressedOops                        = true                                 {lp64_product} {ergonomic}
     bool UseG1GC                                  = true                                      {product} {ergonomic}
     bool UseLargePagesIndividualAllocation        = false                                  {pd product} {ergonomic}

Logging:
Log output configuration:
 #0: stdout all=warning uptime,level,tags
 #1: stderr all=off uptime,level,tags

Environment Variables:
JAVA_HOME=C:\Program Files\Eclipse Adoptium\jdk-11.0.14.101-hotspot\
CLASSPATH="E:\pdf\src\browsermob-proxy-2.1.4-bin\browsermob-proxy-2.1.4\bin\\.."\etc;"E:\pdf\src\browsermob-proxy-2.1.4-bin\browsermob-proxy-2.1.4\bin\\..\lib"\*
PATH=D:\sitepachong\Scripts;C:\Program Files\Eclipse Adoptium\jdk-11.0.14.101-hotspot\bin;C:\Python27\;C:\Python27\Scripts;C:\Program Files\Common Files\Oracle\Java\javapath;C:\Program Files\Python38\Scripts\;C:\Program Files\Python38\;C:\Perl\site\bin;C:\Perl\bin;C:\Program Files (x86)\Common Files\Oracle\Java\javapath;C:\Windows\system32;C:\Windows;C:\Windows\System32\Wbem;C:\Windows\System32\WindowsPowerShell\v1.0\;C:\Windows\System32\OpenSSH\;C:\Program Files (x86)\NVIDIA Corporation\PhysX\Common;C:\Program Files\NVIDIA Corporation\NVIDIA NvDLISR;C:\Program Files (x86)\Google\Chrome\Application;D:\software\apache-maven-3.6.1\bin;C:\Program Files\Java\jdk1.8.0_202\bin;C:\Program Files\Java\jdk1.8.0_202\jre\bin;C:\Program Files\dotnet\;F:\Program Files\nodejs\;C:\Users\Administrator\AppData\Local\Programs\Python\Python37\Scripts\;C:\Users\Administrator\AppData\Local\Programs\Python\Python37\;C:\Users\Administrator\AppData\Local\Programs\Python\Python38\Scripts\;C:\Users\Administrator\AppData\Local\Programs\Python\Python38\;C:\Users\Administrator\.dnx\bin;D:\python3.8.2\Scripts\;D:\python3.8.2\;C:\Users\Administrator\AppData\Local\BypassRuntm;D:\nmap;D:\Program Files\JetBrains\PyCharm Community Edition 2020.1\bin;C:\Program Files\MySQL\MySQL Server 8.0\bin;D:\Program Files\JetBrains\PyCharm 2019.1.2\bin;C:\Program Files\Azure Data Studio\bin;C:\untitled\Scripts;C:\Users\Administrator\.dotnet\tools;%JYTHON_HOME%\bin;C:\Users\Administrator\AppData\Roaming\npm;F:\Program Files\nodejs
USERNAME=Administrator
OS=Windows_NT
PROCESSOR_IDENTIFIER=Intel64 Family 6 Model 158 Stepping 10, GenuineIntel



---------------  S Y S T E M  ---------------

OS: Windows 10 , 64 bit Build 17763 (10.0.17763.437)
OS uptime: 29 days 2:00 hours

CPU:total 12 (initial active 12) (6 cores per cpu, 2 threads per core) family 6 model 158 stepping 10 microcode 0x96, cmov, cx8, fxsr, mmx, sse, sse2, sse3, ssse3, sse4.1, sse4.2, popcnt, avx, avx2, aes, clmul, erms, rtm, 3dnowpref, lzcnt, ht, tsc, tscinvbit, bmi1, bmi2, adx, fma

Memory: 4k page, system-wide physical 32650M (10597M free)
TotalPageFile size 61660M (AvailPageFile size 3M)
current process WorkingSet (physical memory assigned to process): 110M, peak: 110M
current process commit charge ("private bytes"): 638M, peak: 638M

vm_info: OpenJDK 64-Bit Server VM (11.0.14.1+1) for windows-amd64 JRE (11.0.14.1+1), built on Feb  9 2022 01:48:27 by "" with unknown MS VC++:1916

END.
